# JRE version: OpenJDK Runtime Environment (11.0.10) (build 11.0.10+0-b96-7249189)
# Java VM: OpenJDK 64-Bit Server VM (11.0.10+0-b96-7249189, mixed mode, tiered, compressed oops, g1 gc, windows-amd64)
Heap:
 garbage-first heap   total 1189888K, used 157606K [0x0000000080000000, 0x0000000100000000)
  region size 1024K, 2 young (2048K), 2 survivors (2048K)
 Metaspace       used 147973K, capacity 151403K, committed 151552K, reserved 1181696K
  class space    used 18403K, capacity 19597K, committed 19712K, reserved 1048576K
GC Heap History (20 events):
Event: 2182.978 GC heap after
{Heap after GC invocations=171 (full 0):
 garbage-first heap   total 598016K, used 148300K [0x0000000080000000, 0x0000000100000000)
  region size 1024K, 1 young (1024K), 1 survivors (1024K)
 Metaspace       used 147925K, capacity 151339K, committed 151552K, reserved 1181696K
  class space    used 18403K, capacity 19597K, committed 19712K, reserved 1048576K
}
Event: 2183.536 GC heap before
{Heap before GC invocations=171 (full 0):
 garbage-first heap   total 598016K, used 180044K [0x0000000080000000, 0x0000000100000000)
  region size 1024K, 30 young (30720K), 1 survivors (1024K)
 Metaspace       used 147961K, capacity 151339K, committed 151552K, reserved 1181696K
  class space    used 18403K, capacity 19597K, committed 19712K, reserved 1048576K
}
Event: 2183.540 GC heap after
{Heap after GC invocations=172 (full 0):
 garbage-first heap   total 598016K, used 150669K [0x0000000080000000, 0x0000000100000000)
  region size 1024K, 1 young (1024K), 1 survivors (1024K)
 Metaspace       used 147961K, capacity 151339K, committed 151552K, reserved 1181696K
  class space    used 18403K, capacity 19597K, committed 19712K, reserved 1048576K
}
Event: 2183.925 GC heap before
{Heap before GC invocations=172 (full 0):
 garbage-first heap   total 598016K, used 186509K [0x0000000080000000, 0x0000000100000000)
  region size 1024K, 34 young (34816K), 1 survivors (1024K)
 Metaspace       used 147969K, capacity 151403K, committed 151552K, reserved 1181696K
  class space    used 18403K, capacity 19597K, committed 19712K, reserved 1048576K
}
Event: 2183.930 GC heap after
{Heap after GC invocations=173 (full 0):
 garbage-first heap   total 598016K, used 152112K [0x0000000080000000, 0x0000000100000000)
  region size 1024K, 2 young (2048K), 2 survivors (2048K)
 Metaspace       used 147969K, capacity 151403K, committed 151552K, reserved 1181696K
  class space    used 18403K, capacity 19597K, committed 19712K, reserved 1048576K
}
Event: 2184.060 GC heap before
{Heap before GC invocations=173 (full 0):
 garbage-first heap   total 598016K, used 185904K [0x0000000080000000, 0x0000000100000000)
  region size 1024K, 35 young (35840K), 2 survivors (2048K)
 Metaspace       used 147970K, capacity 151403K, committed 151552K, reserved 1181696K
  class space    used 18403K, capacity 19597K, committed 19712K, reserved 1048576K
}
Event: 2184.067 GC heap after
{Heap after GC invocations=174 (full 0):
 garbage-first heap   total 598016K, used 153343K [0x0000000080000000, 0x0000000100000000)
  region size 1024K, 4 young (4096K), 4 survivors (4096K)
 Metaspace       used 147970K, capacity 151403K, committed 151552K, reserved 1181696K
  class space    used 18403K, capacity 19597K, committed 19712K, reserved 1048576K
}
Event: 2184.277 GC heap before
{Heap before GC invocations=174 (full 0):
 garbage-first heap   total 598016K, used 191231K [0x0000000080000000, 0x0000000100000000)
  region size 1024K, 40 young (40960K), 4 survivors (4096K)
 Metaspace       used 147971K, capacity 151403K, committed 151552K, reserved 1181696K
  class space    used 18403K, capacity 19597K, committed 19712K, reserved 1048576K
}
Event: 2184.290 GC heap after
{Heap after GC invocations=175 (full 0):
 garbage-first heap   total 598016K, used 154686K [0x0000000080000000, 0x0000000100000000)
  region size 1024K, 5 young (5120K), 5 survivors (5120K)
 Metaspace       used 147971K, capacity 151403K, committed 151552K, reserved 1181696K
  class space    used 18403K, capacity 19597K, committed 19712K, reserved 1048576K
}
Event: 2184.488 GC heap before
{Heap before GC invocations=175 (full 0):
 garbage-first heap   total 598016K, used 192574K [0x0000000080000000, 0x0000000100000000)
  region size 1024K, 42 young (43008K), 5 survivors (5120K)
 Metaspace       used 147971K, capacity 151403K, committed 151552K, reserved 1181696K
  class space    used 18403K, capacity 19597K, committed 19712K, reserved 1048576K
}
Event: 2184.812 GC heap after
{Heap after GC invocations=176 (full 0):
 garbage-first heap   total 598016K, used 157756K [0x0000000080000000, 0x0000000100000000)
  region size 1024K, 6 young (6144K), 6 survivors (6144K)
 Metaspace       used 147971K, capacity 151403K, committed 151552K, reserved 1181696K
  class space    used 18403K, capacity 19597K, committed 19712K, reserved 1048576K
}
Event: 2184.933 GC heap before
{Heap before GC invocations=176 (full 0):
 garbage-first heap   total 598016K, used 190524K [0x0000000080000000, 0x0000000100000000)
  region size 1024K, 39 young (39936K), 6 survivors (6144K)
 Metaspace       used 147971K, capacity 151403K, committed 151552K, reserved 1181696K
  class space    used 18403K, capacity 19597K, committed 19712K, reserved 1048576K
}
Event: 2185.705 GC heap after
{Heap after GC invocations=177 (full 0):
 garbage-first heap   total 598016K, used 156593K [0x0000000080000000, 0x0000000100000000)
  region size 1024K, 1 young (1024K), 1 survivors (1024K)
 Metaspace       used 147971K, capacity 151403K, committed 151552K, reserved 1181696K
  class space    used 18403K, capacity 19597K, committed 19712K, reserved 1048576K
}
Event: 2185.809 GC heap before
{Heap before GC invocations=177 (full 0):
 garbage-first heap   total 598016K, used 185265K [0x0000000080000000, 0x0000000100000000)
  region size 1024K, 29 young (29696K), 1 survivors (1024K)
 Metaspace       used 147971K, capacity 151403K, committed 151552K, reserved 1181696K
  class space    used 18403K, capacity 19597K, committed 19712K, reserved 1048576K
}
Event: 2185.856 GC heap after
{Heap after GC invocations=178 (full 0):
 garbage-first heap   total 598016K, used 155823K [0x0000000080000000, 0x0000000100000000)
  region size 1024K, 1 young (1024K), 1 survivors (1024K)
 Metaspace       used 147971K, capacity 151403K, committed 151552K, reserved 1181696K
  class space    used 18403K, capacity 19597K, committed 19712K, reserved 1048576K
}
Event: 2185.999 GC heap before
{Heap before GC invocations=178 (full 0):
 garbage-first heap   total 598016K, used 188591K [0x0000000080000000, 0x0000000100000000)
  region size 1024K, 33 young (33792K), 1 survivors (1024K)
 Metaspace       used 147972K, capacity 151403K, committed 151552K, reserved 1181696K
  class space    used 18403K, capacity 19597K, committed 19712K, reserved 1048576K
}
Event: 2186.002 GC heap after
{Heap after GC invocations=179 (full 0):
 garbage-first heap   total 598016K, used 155965K [0x0000000080000000, 0x0000000100000000)
  region size 1024K, 1 young (1024K), 1 survivors (1024K)
 Metaspace       used 147972K, capacity 151403K, committed 151552K, reserved 1181696K
  class space    used 18403K, capacity 19597K, committed 19712K, reserved 1048576K
}
Event: 2186.166 GC heap before
{Heap before GC invocations=179 (full 0):
 garbage-first heap   total 598016K, used 193853K [0x0000000080000000, 0x0000000100000000)
  region size 1024K, 38 young (38912K), 1 survivors (1024K)
 Metaspace       used 147973K, capacity 151403K, committed 151552K, reserved 1181696K
  class space    used 18403K, capacity 19597K, committed 19712K, reserved 1048576K
}
Event: 2186.182 GC heap after
{Heap after GC invocations=180 (full 0):
 garbage-first heap   total 598016K, used 159041K [0x0000000080000000, 0x0000000100000000)
  region size 1024K, 4 young (4096K), 4 survivors (4096K)
 Metaspace       used 147973K, capacity 151403K, committed 151552K, reserved 1181696K
  class space    used 18403K, capacity 19597K, committed 19712K, reserved 1048576K
}
Event: 2186.552 GC heap before
{Heap before GC invocations=180 (full 0):
 garbage-first heap   total 598016K, used 195905K [0x0000000080000000, 0x0000000100000000)
  region size 1024K, 39 young (39936K), 4 survivors (4096K)
 Metaspace       used 147973K, capacity 151403K, committed 151552K, reserved 1181696K
  class space    used 18403K, capacity 19597K, committed 19712K, reserved 1048576K
}

